0 info it worked if it ends with ok
1 verbose cli [ '/usr/bin/nodejs', '/usr/bin/npm', 'run', 'dev' ]
2 info using npm@3.10.8
3 info using node@v6.9.1
4 verbose run-script [ 'predev', 'dev', 'postdev' ]
5 info lifecycle g0ld3lux@1.0.0~predev: g0ld3lux@1.0.0
6 silly lifecycle g0ld3lux@1.0.0~predev: no script for predev, continuing
7 info lifecycle g0ld3lux@1.0.0~dev: g0ld3lux@1.0.0
8 verbose lifecycle g0ld3lux@1.0.0~dev: unsafe-perm in lifecycle true
9 verbose lifecycle g0ld3lux@1.0.0~dev: PATH: /usr/lib/node_modules/npm/bin/node-gyp-bin:/mnt/c/Users/uriah/sites/api/node_modules/.bin:/home/uriah/bin:/usr/local/bin:/usr/local/sbin:/usr/local/bin:/usr/sbin:/usr/bin:/sbin:/bin:/usr/games:/usr/local/games:/mnt/c/Windows/System32:/home/uriah/.composer/vendor/bin
10 verbose lifecycle g0ld3lux@1.0.0~dev: CWD: /mnt/c/Users/uriah/sites/api
11 silly lifecycle g0ld3lux@1.0.0~dev: Args: [ '-c',
11 silly lifecycle   'cross-env NODE_ENV=development node_modules/webpack/bin/webpack.js --progress --hide-modules --config=node_modules/laravel-mix/setup/webpack.config.js' ]
12 silly lifecycle g0ld3lux@1.0.0~dev: Returned: code: 2  signal: null
13 info lifecycle g0ld3lux@1.0.0~dev: Failed to exec dev script
14 verbose stack Error: g0ld3lux@1.0.0 dev: `cross-env NODE_ENV=development node_modules/webpack/bin/webpack.js --progress --hide-modules --config=node_modules/laravel-mix/setup/webpack.config.js`
14 verbose stack Exit status 2
14 verbose stack     at EventEmitter.<anonymous> (/usr/lib/node_modules/npm/lib/utils/lifecycle.js:255:16)
14 verbose stack     at emitTwo (events.js:106:13)
14 verbose stack     at EventEmitter.emit (events.js:191:7)
14 verbose stack     at ChildProcess.<anonymous> (/usr/lib/node_modules/npm/lib/utils/spawn.js:40:14)
14 verbose stack     at emitTwo (events.js:106:13)
14 verbose stack     at ChildProcess.emit (events.js:191:7)
14 verbose stack     at maybeClose (internal/child_process.js:877:16)
14 verbose stack     at Process.ChildProcess._handle.onexit (internal/child_process.js:226:5)
15 verbose pkgid g0ld3lux@1.0.0
16 verbose cwd /mnt/c/Users/uriah/sites/api
17 error Linux 4.4.0-43-Microsoft
18 error argv "/usr/bin/nodejs" "/usr/bin/npm" "run" "dev"
19 error node v6.9.1
20 error npm  v3.10.8
21 error code ELIFECYCLE
22 error g0ld3lux@1.0.0 dev: `cross-env NODE_ENV=development node_modules/webpack/bin/webpack.js --progress --hide-modules --config=node_modules/laravel-mix/setup/webpack.config.js`
22 error Exit status 2
23 error Failed at the g0ld3lux@1.0.0 dev script 'cross-env NODE_ENV=development node_modules/webpack/bin/webpack.js --progress --hide-modules --config=node_modules/laravel-mix/setup/webpack.config.js'.
23 error Make sure you have the latest version of node.js and npm installed.
23 error If you do, this is most likely a problem with the g0ld3lux package,
23 error not with npm itself.
23 error Tell the author that this fails on your system:
23 error     cross-env NODE_ENV=development node_modules/webpack/bin/webpack.js --progress --hide-modules --config=node_modules/laravel-mix/setup/webpack.config.js
23 error You can get information on how to open an issue for this project with:
23 error     npm bugs g0ld3lux
23 error Or if that isn't available, you can get their info via:
23 error     npm owner ls g0ld3lux
23 error There is likely additional logging output above.
24 verbose exit [ 1, true ]
